2019-03-07 16:17:49  INFO DefaultTestContextBootstrapper:248 - Loaded default TestExecutionListener class names from location [META-INF/spring.factories]: [org.springframework.test.context.web.ServletTestExecutionListener, org.springframework.test.context.support.DirtiesContextBeforeModesTestExecutionListener, org.springframework.test.context.support.DependencyInjectionTestExecutionListener, org.springframework.test.context.support.DirtiesContextTestExecutionListener, org.springframework.test.context.transaction.TransactionalTestExecutionListener, org.springframework.test.context.jdbc.SqlScriptsTestExecutionListener]
2019-03-07 16:17:49  INFO DefaultTestContextBootstrapper:177 - Using TestExecutionListeners: [org.springframework.test.context.support.DirtiesContextBeforeModesTestExecutionListener@685cb137, org.springframework.test.context.support.DependencyInjectionTestExecutionListener@6a41eaa2, org.springframework.test.context.support.DirtiesContextTestExecutionListener@7cd62f43]
2019-03-07 16:17:50  INFO XmlBeanDefinitionReader:317 - Loading XML bean definitions from class path resource [spring.xml]
2019-03-07 16:17:50  INFO GenericApplicationContext:588 - Refreshing org.springframework.context.support.GenericApplicationContext@13a5fe33: startup date [Thu Mar 07 16:17:50 CST 2019]; root of context hierarchy
2019-03-07 16:17:51  INFO BeforeAdvice:11 - 连接数据库...
2019-03-07 16:17:51  INFO MyBeforeAdvice:11 - 开始进行插入操作。。
2019-03-07 16:17:51  INFO GenericApplicationContext:991 - Closing org.springframework.context.support.GenericApplicationContext@13a5fe33: startup date [Thu Mar 07 16:17:50 CST 2019]; root of context hierarchy
2019-03-07 16:21:17  INFO DefaultTestContextBootstrapper:248 - Loaded default TestExecutionListener class names from location [META-INF/spring.factories]: [org.springframework.test.context.web.ServletTestExecutionListener, org.springframework.test.context.support.DirtiesContextBeforeModesTestExecutionListener, org.springframework.test.context.support.DependencyInjectionTestExecutionListener, org.springframework.test.context.support.DirtiesContextTestExecutionListener, org.springframework.test.context.transaction.TransactionalTestExecutionListener, org.springframework.test.context.jdbc.SqlScriptsTestExecutionListener]
2019-03-07 16:21:17  INFO DefaultTestContextBootstrapper:177 - Using TestExecutionListeners: [org.springframework.test.context.support.DirtiesContextBeforeModesTestExecutionListener@685cb137, org.springframework.test.context.support.DependencyInjectionTestExecutionListener@6a41eaa2, org.springframework.test.context.support.DirtiesContextTestExecutionListener@7cd62f43]
2019-03-07 16:21:17  INFO XmlBeanDefinitionReader:317 - Loading XML bean definitions from class path resource [spring.xml]
2019-03-07 16:21:17  INFO GenericApplicationContext:588 - Refreshing org.springframework.context.support.GenericApplicationContext@13a5fe33: startup date [Thu Mar 07 16:21:17 CST 2019]; root of context hierarchy
2019-03-07 16:21:19  INFO BeforeAdvice:11 - 连接数据库...
2019-03-07 16:21:19  INFO MyBeforeAdvice:11 - 开始进行插入操作。。
2019-03-07 16:21:19  INFO GenericApplicationContext:991 - Closing org.springframework.context.support.GenericApplicationContext@13a5fe33: startup date [Thu Mar 07 16:21:17 CST 2019]; root of context hierarchy
2019-03-07 16:32:14  INFO DefaultTestContextBootstrapper:248 - Loaded default TestExecutionListener class names from location [META-INF/spring.factories]: [org.springframework.test.context.web.ServletTestExecutionListener, org.springframework.test.context.support.DirtiesContextBeforeModesTestExecutionListener, org.springframework.test.context.support.DependencyInjectionTestExecutionListener, org.springframework.test.context.support.DirtiesContextTestExecutionListener, org.springframework.test.context.transaction.TransactionalTestExecutionListener, org.springframework.test.context.jdbc.SqlScriptsTestExecutionListener]
2019-03-07 16:32:14  INFO DefaultTestContextBootstrapper:177 - Using TestExecutionListeners: [org.springframework.test.context.support.DirtiesContextBeforeModesTestExecutionListener@77cd7a0, org.springframework.test.context.support.DependencyInjectionTestExecutionListener@204f30ec, org.springframework.test.context.support.DirtiesContextTestExecutionListener@e25b2fe]
2019-03-07 16:32:15  INFO XmlBeanDefinitionReader:317 - Loading XML bean definitions from class path resource [spring.xml]
2019-03-07 16:32:15  INFO GenericApplicationContext:588 - Refreshing org.springframework.context.support.GenericApplicationContext@eec5a4a: startup date [Thu Mar 07 16:32:15 CST 2019]; root of context hierarchy
2019-03-07 16:32:17  INFO BeforeAdvice:11 - 连接数据库...
2019-03-07 16:32:17  INFO MyBeforeAdvice:11 - 开始进行插入操作。。
2019-03-07 16:32:17  INFO GenericApplicationContext:991 - Closing org.springframework.context.support.GenericApplicationContext@eec5a4a: startup date [Thu Mar 07 16:32:15 CST 2019]; root of context hierarchy
